# JRE version: OpenJDK Runtime Environment (11.0.8+10) (build 11.0.8+10-b944.6842174)
# Java VM: OpenJDK 64-Bit Server VM (11.0.8+10-b944.6842174, mixed mode, tiered, compressed oops, g1 gc, windows-amd64)
Heap:
 garbage-first heap   total 441344K, used 235433K [0x0000000080000000, 0x0000000100000000)
  region size 1024K, 127 young (130048K), 2 survivors (2048K)
 Metaspace       used 117528K, capacity 120516K, committed 120704K, reserved 1155072K
  class space    used 14843K, capacity 15942K, committed 16000K, reserved 1048576K
GC Heap History (20 events):
Event: 47.059 GC heap before
{Heap before GC invocations=33 (full 0):
 garbage-first heap   total 441344K, used 203405K [0x0000000080000000, 0x0000000100000000)
  region size 1024K, 7 young (7168K), 2 survivors (2048K)
 Metaspace       used 109740K, capacity 112537K, committed 113152K, reserved 1146880K
  class space    used 14230K, capacity 15306K, committed 15616K, reserved 1048576K
}
Event: 47.067 GC heap after
{Heap after GC invocations=34 (full 0):
 garbage-first heap   total 441344K, used 201253K [0x0000000080000000, 0x0000000100000000)
  region size 1024K, 3 young (3072K), 3 survivors (3072K)
 Metaspace       used 109740K, capacity 112537K, committed 113152K, reserved 1146880K
  class space    used 14230K, capacity 15306K, committed 15616K, reserved 1048576K
}
Event: 47.814 GC heap before
{Heap before GC invocations=35 (full 0):
 garbage-first heap   total 441344K, used 235045K [0x0000000080000000, 0x0000000100000000)
  region size 1024K, 36 young (36864K), 3 survivors (3072K)
 Metaspace       used 109774K, capacity 112561K, committed 113152K, reserved 1146880K
  class space    used 14234K, capacity 15313K, committed 15616K, reserved 1048576K
}
Event: 47.822 GC heap after
{Heap after GC invocations=36 (full 0):
 garbage-first heap   total 441344K, used 206733K [0x0000000080000000, 0x0000000100000000)
  region size 1024K, 7 young (7168K), 7 survivors (7168K)
 Metaspace       used 109774K, capacity 112561K, committed 113152K, reserved 1146880K
  class space    used 14234K, capacity 15313K, committed 15616K, reserved 1048576K
}
Event: 48.590 GC heap before
{Heap before GC invocations=37 (full 0):
 garbage-first heap   total 441344K, used 293773K [0x0000000080000000, 0x0000000100000000)
  region size 1024K, 79 young (80896K), 7 survivors (7168K)
 Metaspace       used 109859K, capacity 112653K, committed 113152K, reserved 1146880K
  class space    used 14234K, capacity 15313K, committed 15616K, reserved 1048576K
}
Event: 48.611 GC heap after
{Heap after GC invocations=38 (full 0):
 garbage-first heap   total 441344K, used 229794K [0x0000000080000000, 0x0000000100000000)
  region size 1024K, 10 young (10240K), 10 survivors (10240K)
 Metaspace       used 109859K, capacity 112653K, committed 113152K, reserved 1146880K
  class space    used 14234K, capacity 15313K, committed 15616K, reserved 1048576K
}
Event: 49.191 GC heap before
{Heap before GC invocations=38 (full 0):
 garbage-first heap   total 441344K, used 259490K [0x0000000080000000, 0x0000000100000000)
  region size 1024K, 40 young (40960K), 10 survivors (10240K)
 Metaspace       used 109942K, capacity 112732K, committed 113408K, reserved 1146880K
  class space    used 14235K, capacity 15315K, committed 15616K, reserved 1048576K
}
Event: 49.199 GC heap after
{Heap after GC invocations=39 (full 0):
 garbage-first heap   total 441344K, used 230677K [0x0000000080000000, 0x0000000100000000)
  region size 1024K, 1 young (1024K), 1 survivors (1024K)
 Metaspace       used 109942K, capacity 112732K, committed 113408K, reserved 1146880K
  class space    used 14235K, capacity 15315K, committed 15616K, reserved 1048576K
}
Event: 137.052 GC heap before
{Heap before GC invocations=40 (full 0):
 garbage-first heap   total 441344K, used 348437K [0x0000000080000000, 0x0000000100000000)
  region size 1024K, 70 young (71680K), 1 survivors (1024K)
 Metaspace       used 114717K, capacity 117575K, committed 117760K, reserved 1150976K
  class space    used 14667K, capacity 15713K, committed 15872K, reserved 1048576K
}
Event: 137.060 GC heap after
{Heap after GC invocations=41 (full 0):
 garbage-first heap   total 441344K, used 232432K [0x0000000080000000, 0x0000000100000000)
  region size 1024K, 4 young (4096K), 4 survivors (4096K)
 Metaspace       used 114717K, capacity 117575K, committed 117760K, reserved 1150976K
  class space    used 14667K, capacity 15713K, committed 15872K, reserved 1048576K
}
Event: 139.066 GC heap before
{Heap before GC invocations=41 (full 0):
 garbage-first heap   total 441344K, used 248816K [0x0000000080000000, 0x0000000100000000)
  region size 1024K, 21 young (21504K), 4 survivors (4096K)
 Metaspace       used 114995K, capacity 117804K, committed 118016K, reserved 1150976K
  class space    used 14669K, capacity 15718K, committed 15872K, reserved 1048576K
}
Event: 139.076 GC heap after
{Heap after GC invocations=42 (full 0):
 garbage-first heap   total 441344K, used 226952K [0x0000000080000000, 0x0000000100000000)
  region size 1024K, 3 young (3072K), 3 survivors (3072K)
 Metaspace       used 114995K, capacity 117804K, committed 118016K, reserved 1150976K
  class space    used 14669K, capacity 15718K, committed 15872K, reserved 1048576K
}
Event: 141.255 GC heap before
{Heap before GC invocations=42 (full 0):
 garbage-first heap   total 441344K, used 305800K [0x0000000080000000, 0x0000000100000000)
  region size 1024K, 81 young (82944K), 3 survivors (3072K)
 Metaspace       used 115323K, capacity 118123K, committed 118272K, reserved 1150976K
  class space    used 14676K, capacity 15729K, committed 15872K, reserved 1048576K
}
Event: 141.281 GC heap after
{Heap after GC invocations=43 (full 0):
 garbage-first heap   total 441344K, used 229263K [0x0000000080000000, 0x0000000100000000)
  region size 1024K, 5 young (5120K), 5 survivors (5120K)
 Metaspace       used 115323K, capacity 118123K, committed 118272K, reserved 1150976K
  class space    used 14676K, capacity 15729K, committed 15872K, reserved 1048576K
}
Event: 248.212 GC heap before
{Heap before GC invocations=44 (full 0):
 garbage-first heap   total 441344K, used 247695K [0x0000000080000000, 0x0000000100000000)
  region size 1024K, 90 young (92160K), 5 survivors (5120K)
 Metaspace       used 115843K, capacity 118782K, committed 119040K, reserved 1153024K
  class space    used 14687K, capacity 15776K, committed 15872K, reserved 1048576K
}
Event: 248.230 GC heap after
{Heap after GC invocations=45 (full 0):
 garbage-first heap   total 441344K, used 165914K [0x0000000080000000, 0x0000000100000000)
  region size 1024K, 10 young (10240K), 10 survivors (10240K)
 Metaspace       used 115843K, capacity 118782K, committed 119040K, reserved 1153024K
  class space    used 14687K, capacity 15776K, committed 15872K, reserved 1048576K
}
Event: 248.329 GC heap before
{Heap before GC invocations=45 (full 0):
 garbage-first heap   total 441344K, used 176154K [0x0000000080000000, 0x0000000100000000)
  region size 1024K, 21 young (21504K), 10 survivors (10240K)
 Metaspace       used 115863K, capacity 118800K, committed 119040K, reserved 1153024K
  class space    used 14690K, capacity 15782K, committed 15872K, reserved 1048576K
}
Event: 248.344 GC heap after
{Heap after GC invocations=46 (full 0):
 garbage-first heap   total 441344K, used 121943K [0x0000000080000000, 0x0000000100000000)
  region size 1024K, 2 young (2048K), 2 survivors (2048K)
 Metaspace       used 115863K, capacity 118800K, committed 119040K, reserved 1153024K
  class space    used 14690K, capacity 15782K, committed 15872K, reserved 1048576K
}
Event: 248.548 GC heap before
{Heap before GC invocations=46 (full 0):
 garbage-first heap   total 441344K, used 140375K [0x0000000080000000, 0x0000000100000000)
  region size 1024K, 21 young (21504K), 2 survivors (2048K)
 Metaspace       used 116344K, capacity 119318K, committed 119680K, reserved 1153024K
  class space    used 14739K, capacity 15824K, committed 16000K, reserved 1048576K
}
Event: 248.558 GC heap after
{Heap after GC invocations=47 (full 0):
 garbage-first heap   total 441344K, used 109481K [0x0000000080000000, 0x0000000100000000)
  region size 1024K, 2 young (2048K), 2 survivors (2048K)
 Metaspace       used 116344K, capacity 119318K, committed 119680K, reserved 1153024K
  class space    used 14739K, capacity 15824K, committed 16000K, reserved 1048576K
}

